<?xml version="1.0" encoding="UTF-8"?>
<!-- Generated by org.testng.reporters.JUnitReportReporter -->
<testsuite hostname="LAPTOP-H2F0LVSP" failures="0" tests="1" name="com.apiautomation.utility.APITestClass" time="1.227" errors="0" timestamp="2023-07-18T02:42:55 EDT" skipped="0">
  <testcase classname="com.apiautomation.utility.APITestClass" name="getUserDetails" time="1.227"/>
  <system-out/>
</testsuite> <!-- com.apiautomation.utility.APITestClass -->
